2026-05-28 00:21:14 [INFO] o.s.boot.tomcat.GracefulShutdown - Commencing graceful shutdown. Waiting for active requests to complete
2026-05-28 00:21:15 [INFO] o.s.boot.tomcat.GracefulShutdown - Graceful shutdown complete
2026-05-28 00:21:15 [INFO] o.s.o.j.LocalContainerEntityManagerFactoryBean - Closing JPA EntityManagerFactory for persistence unit 'default'
2026-05-28 00:21:15 [INFO] com.zaxxer.hikari.HikariDataSource - HikariPool-1 - Shutdown initiated...
2026-05-28 00:21:15 [INFO] com.zaxxer.hikari.HikariDataSource - HikariPool-1 - Shutdown completed.
2026-05-28 00:21:22 [INFO] c.mmotors.mmotors.MmotorsApplication - Starting MmotorsApplication using Java 21.0.10 with PID 2768225 (/home/yann/Documents/JAVA/mmotors/mmotors/target/classes started by yann in /home/yann/Documents/JAVA/mmotors/mmotors)
2026-05-28 00:21:22 [INFO] c.mmotors.mmotors.MmotorsApplication - No active profile set, falling back to 1 default profile: "default"
2026-05-28 00:21:22 [INFO] o.h.validator.internal.util.Version - HV000001: Hibernate Validator 9.0.1.Final
2026-05-28 00:21:23 [INFO] o.s.d.r.c.RepositoryConfigurationDelegate - Bootstrapping Spring Data JPA repositories in DEFAULT mode.
2026-05-28 00:21:23 [INFO] o.s.d.r.c.RepositoryConfigurationDelegate - Finished Spring Data repository scanning in 35 ms. Found 3 JPA repository interfaces.
2026-05-28 00:21:24 [INFO] o.s.boot.tomcat.TomcatWebServer - Tomcat initialized with port 8080 (http)
2026-05-28 00:21:24 [INFO] o.a.coyote.http11.Http11NioProtocol - Initializing ProtocolHandler ["http-nio-8080"]
2026-05-28 00:21:24 [INFO] o.a.catalina.core.StandardService - Starting service [Tomcat]
2026-05-28 00:21:24 [INFO] o.a.catalina.core.StandardEngine - Starting Servlet engine: [Apache Tomcat/11.0.21]
2026-05-28 00:21:24 [INFO] o.s.b.w.c.s.WebApplicationContextInitializer - Root WebApplicationContext: initialization completed in 1501 ms
2026-05-28 00:21:24 [INFO] org.hibernate.orm.jpa - HHH008540: Processing PersistenceUnitInfo [name: default]
2026-05-28 00:21:24 [INFO] org.hibernate.orm.core - HHH000001: Hibernate ORM core version 7.2.12.Final
2026-05-28 00:21:24 [INFO] o.s.o.j.p.SpringPersistenceUnitInfo - No LoadTimeWeaver setup: ignoring JPA class transformer
2026-05-28 00:21:24 [INFO] com.zaxxer.hikari.HikariDataSource - HikariPool-1 - Starting...
2026-05-28 00:21:25 [INFO] com.zaxxer.hikari.pool.HikariPool - HikariPool-1 - Added connection org.postgresql.jdbc.PgConnection@6c4786af
2026-05-28 00:21:25 [INFO] com.zaxxer.hikari.HikariDataSource - HikariPool-1 - Start completed.
2026-05-28 00:21:25 [INFO] o.hibernate.orm.connections.pooling - HHH10001005: Database info:
	Database JDBC URL [jdbc:postgresql://localhost:5432/mmotors]
	Database driver: PostgreSQL JDBC Driver
	Database dialect: PostgreSQLDialect
	Database version: 16.14
	Default catalog/schema: mmotors/public
	Autocommit mode: undefined/unknown
	Isolation level: READ_COMMITTED [default READ_COMMITTED]
	JDBC fetch size: none
	Pool: DataSourceConnectionProvider
	Minimum pool size: undefined/unknown
	Maximum pool size: undefined/unknown
2026-05-28 00:21:26 [INFO] org.hibernate.orm.core - HHH000489: No JTA platform available (set 'hibernate.transaction.jta.platform' to enable JTA platform integration)
2026-05-28 00:21:26 [INFO] o.s.o.j.LocalContainerEntityManagerFactoryBean - Initialized JPA EntityManagerFactory for persistence unit 'default'
2026-05-28 00:21:26 [INFO] o.s.d.j.r.q.QueryEnhancerFactories - Hibernate is in classpath; If applicable, HQL parser will be used.
2026-05-28 00:21:27 [WARN] o.s.b.j.a.JpaBaseConfiguration$JpaWebConfiguration - spring.jpa.open-in-view is enabled by default. Therefore, database queries may be performed during view rendering. Explicitly configure spring.jpa.open-in-view to disable this warning
2026-05-28 00:21:27 [WARN] o.s.b.s.a.UserDetailsServiceAutoConfiguration - 

Using generated security password: fb7ba99f-ad57-402a-85e3-6aa8d7b27c5a

This generated password is for development use only. Your security configuration must be updated before running your application in production.

2026-05-28 00:21:27 [INFO] o.s.s.c.a.a.c.InitializeUserDetailsBeanManagerConfigurer$InitializeUserDetailsManagerConfigurer - Global AuthenticationManager configured with UserDetailsService bean with name inMemoryUserDetailsManager
2026-05-28 00:21:28 [INFO] o.s.b.a.e.web.EndpointLinksResolver - Exposing 1 endpoint beneath base path '/actuator'
2026-05-28 00:21:28 [INFO] o.a.coyote.http11.Http11NioProtocol - Starting ProtocolHandler ["http-nio-8080"]
2026-05-28 00:21:28 [INFO] o.s.boot.tomcat.TomcatWebServer - Tomcat started on port 8080 (http) with context path '/'
2026-05-28 00:21:28 [INFO] c.mmotors.mmotors.MmotorsApplication - Started MmotorsApplication in 6.219 seconds (process running for 7.103)
2026-05-28 00:21:28 [INFO] o.a.c.c.C.[Tomcat].[localhost].[/] - Initializing Spring DispatcherServlet 'dispatcherServlet'
2026-05-28 00:21:28 [INFO] o.s.web.servlet.DispatcherServlet - Initializing Servlet 'dispatcherServlet'
2026-05-28 00:21:28 [INFO] o.s.web.servlet.DispatcherServlet - Completed initialization in 2 ms
2026-05-28 00:57:33 [INFO] o.s.boot.tomcat.GracefulShutdown - Commencing graceful shutdown. Waiting for active requests to complete
2026-05-28 00:57:33 [INFO] o.s.boot.tomcat.GracefulShutdown - Graceful shutdown complete
2026-05-28 00:57:33 [INFO] o.s.o.j.LocalContainerEntityManagerFactoryBean - Closing JPA EntityManagerFactory for persistence unit 'default'
2026-05-28 00:57:33 [INFO] com.zaxxer.hikari.HikariDataSource - HikariPool-1 - Shutdown initiated...
2026-05-28 00:57:33 [INFO] com.zaxxer.hikari.HikariDataSource - HikariPool-1 - Shutdown completed.
2026-05-28 00:57:37 [INFO] c.mmotors.mmotors.MmotorsApplication - Starting MmotorsApplication using Java 21.0.10 with PID 2794498 (/home/yann/Documents/JAVA/mmotors/mmotors/target/classes started by yann in /home/yann/Documents/JAVA/mmotors/mmotors)
2026-05-28 00:57:37 [INFO] c.mmotors.mmotors.MmotorsApplication - No active profile set, falling back to 1 default profile: "default"
2026-05-28 00:57:37 [INFO] o.h.validator.internal.util.Version - HV000001: Hibernate Validator 9.0.1.Final
2026-05-28 00:57:37 [INFO] o.s.d.r.c.RepositoryConfigurationDelegate - Bootstrapping Spring Data JPA repositories in DEFAULT mode.
2026-05-28 00:57:37 [INFO] o.s.d.r.c.RepositoryConfigurationDelegate - Finished Spring Data repository scanning in 25 ms. Found 3 JPA repository interfaces.
2026-05-28 00:57:38 [INFO] o.s.boot.tomcat.TomcatWebServer - Tomcat initialized with port 8080 (http)
2026-05-28 00:57:38 [INFO] o.a.coyote.http11.Http11NioProtocol - Initializing ProtocolHandler ["http-nio-8080"]
2026-05-28 00:57:38 [INFO] o.a.catalina.core.StandardService - Starting service [Tomcat]
2026-05-28 00:57:38 [INFO] o.a.catalina.core.StandardEngine - Starting Servlet engine: [Apache Tomcat/11.0.21]
2026-05-28 00:57:38 [INFO] o.s.b.w.c.s.WebApplicationContextInitializer - Root WebApplicationContext: initialization completed in 1001 ms
2026-05-28 00:57:38 [INFO] org.hibernate.orm.jpa - HHH008540: Processing PersistenceUnitInfo [name: default]
2026-05-28 00:57:38 [INFO] org.hibernate.orm.core - HHH000001: Hibernate ORM core version 7.2.12.Final
2026-05-28 00:57:38 [INFO] o.s.o.j.p.SpringPersistenceUnitInfo - No LoadTimeWeaver setup: ignoring JPA class transformer
2026-05-28 00:57:38 [INFO] com.zaxxer.hikari.HikariDataSource - HikariPool-1 - Starting...
2026-05-28 00:57:39 [INFO] com.zaxxer.hikari.pool.HikariPool - HikariPool-1 - Added connection org.postgresql.jdbc.PgConnection@25b83dce
2026-05-28 00:57:39 [INFO] com.zaxxer.hikari.HikariDataSource - HikariPool-1 - Start completed.
2026-05-28 00:57:39 [INFO] o.hibernate.orm.connections.pooling - HHH10001005: Database info:
	Database JDBC URL [jdbc:postgresql://localhost:5432/mmotors]
	Database driver: PostgreSQL JDBC Driver
	Database dialect: PostgreSQLDialect
	Database version: 16.14
	Default catalog/schema: mmotors/public
	Autocommit mode: undefined/unknown
	Isolation level: READ_COMMITTED [default READ_COMMITTED]
	JDBC fetch size: none
	Pool: DataSourceConnectionProvider
	Minimum pool size: undefined/unknown
	Maximum pool size: undefined/unknown
2026-05-28 00:57:39 [INFO] org.hibernate.orm.core - HHH000489: No JTA platform available (set 'hibernate.transaction.jta.platform' to enable JTA platform integration)
2026-05-28 00:57:39 [INFO] o.s.o.j.LocalContainerEntityManagerFactoryBean - Initialized JPA EntityManagerFactory for persistence unit 'default'
2026-05-28 00:57:39 [INFO] o.s.d.j.r.q.QueryEnhancerFactories - Hibernate is in classpath; If applicable, HQL parser will be used.
2026-05-28 00:57:40 [WARN] o.s.b.j.a.JpaBaseConfiguration$JpaWebConfiguration - spring.jpa.open-in-view is enabled by default. Therefore, database queries may be performed during view rendering. Explicitly configure spring.jpa.open-in-view to disable this warning
2026-05-28 00:57:40 [WARN] o.s.b.s.a.UserDetailsServiceAutoConfiguration - 

Using generated security password: 998d92e6-5489-41df-95b2-05fb1951c030

This generated password is for development use only. Your security configuration must be updated before running your application in production.

2026-05-28 00:57:40 [INFO] o.s.s.c.a.a.c.InitializeUserDetailsBeanManagerConfigurer$InitializeUserDetailsManagerConfigurer - Global AuthenticationManager configured with UserDetailsService bean with name inMemoryUserDetailsManager
2026-05-28 00:57:41 [INFO] o.s.b.a.e.web.EndpointLinksResolver - Exposing 1 endpoint beneath base path '/actuator'
2026-05-28 00:57:41 [INFO] o.a.coyote.http11.Http11NioProtocol - Starting ProtocolHandler ["http-nio-8080"]
2026-05-28 00:57:41 [INFO] o.s.boot.tomcat.TomcatWebServer - Tomcat started on port 8080 (http) with context path '/'
2026-05-28 00:57:41 [INFO] c.mmotors.mmotors.MmotorsApplication - Started MmotorsApplication in 4.233 seconds (process running for 4.779)
2026-05-28 00:57:41 [INFO] o.a.c.c.C.[Tomcat].[localhost].[/] - Initializing Spring DispatcherServlet 'dispatcherServlet'
2026-05-28 00:57:41 [INFO] o.s.web.servlet.DispatcherServlet - Initializing Servlet 'dispatcherServlet'
2026-05-28 00:57:41 [INFO] o.s.web.servlet.DispatcherServlet - Completed initialization in 2 ms
