2026-05-18 17:23:26 [INFO] o.s.boot.tomcat.GracefulShutdown - Commencing graceful shutdown. Waiting for active requests to complete
2026-05-18 17:23:26 [INFO] o.s.boot.tomcat.GracefulShutdown - Graceful shutdown complete
2026-05-18 17:23:26 [INFO] o.s.o.j.LocalContainerEntityManagerFactoryBean - Closing JPA EntityManagerFactory for persistence unit 'default'
2026-05-18 17:23:26 [INFO] com.zaxxer.hikari.HikariDataSource - HikariPool-1 - Shutdown initiated...
2026-05-18 17:23:26 [INFO] com.zaxxer.hikari.HikariDataSource - HikariPool-1 - Shutdown completed.
2026-05-18 17:23:30 [INFO] c.mmotors.mmotors.MmotorsApplication - Starting MmotorsApplication using Java 21.0.10 with PID 3147212 (/home/yann/Documents/JAVA/mmotors/mmotors/target/classes started by yann in /home/yann/Documents/JAVA/mmotors/mmotors)
2026-05-18 17:23:30 [INFO] c.mmotors.mmotors.MmotorsApplication - No active profile set, falling back to 1 default profile: "default"
2026-05-18 17:23:31 [INFO] o.h.validator.internal.util.Version - HV000001: Hibernate Validator 9.0.1.Final
2026-05-18 17:23:31 [INFO] o.s.d.r.c.RepositoryConfigurationDelegate - Bootstrapping Spring Data JPA repositories in DEFAULT mode.
2026-05-18 17:23:31 [INFO] o.s.d.r.c.RepositoryConfigurationDelegate - Finished Spring Data repository scanning in 23 ms. Found 3 JPA repository interfaces.
2026-05-18 17:23:31 [INFO] o.s.boot.tomcat.TomcatWebServer - Tomcat initialized with port 8080 (http)
2026-05-18 17:23:31 [INFO] o.a.coyote.http11.Http11NioProtocol - Initializing ProtocolHandler ["http-nio-8080"]
2026-05-18 17:23:31 [INFO] o.a.catalina.core.StandardService - Starting service [Tomcat]
2026-05-18 17:23:31 [INFO] o.a.catalina.core.StandardEngine - Starting Servlet engine: [Apache Tomcat/11.0.21]
2026-05-18 17:23:31 [INFO] o.s.b.w.c.s.WebApplicationContextInitializer - Root WebApplicationContext: initialization completed in 940 ms
2026-05-18 17:23:32 [INFO] org.hibernate.orm.jpa - HHH008540: Processing PersistenceUnitInfo [name: default]
2026-05-18 17:23:32 [INFO] org.hibernate.orm.core - HHH000001: Hibernate ORM core version 7.2.12.Final
2026-05-18 17:23:32 [INFO] o.s.o.j.p.SpringPersistenceUnitInfo - No LoadTimeWeaver setup: ignoring JPA class transformer
2026-05-18 17:23:32 [INFO] com.zaxxer.hikari.HikariDataSource - HikariPool-1 - Starting...
2026-05-18 17:23:32 [INFO] com.zaxxer.hikari.pool.HikariPool - HikariPool-1 - Added connection org.postgresql.jdbc.PgConnection@21d15932
2026-05-18 17:23:32 [INFO] com.zaxxer.hikari.HikariDataSource - HikariPool-1 - Start completed.
2026-05-18 17:23:32 [INFO] o.hibernate.orm.connections.pooling - HHH10001005: Database info:
	Database JDBC URL [jdbc:postgresql://localhost:5432/mmotors]
	Database driver: PostgreSQL JDBC Driver
	Database dialect: PostgreSQLDialect
	Database version: 16.13
	Default catalog/schema: mmotors/public
	Autocommit mode: undefined/unknown
	Isolation level: READ_COMMITTED [default READ_COMMITTED]
	JDBC fetch size: none
	Pool: DataSourceConnectionProvider
	Minimum pool size: undefined/unknown
	Maximum pool size: undefined/unknown
2026-05-18 17:23:33 [INFO] org.hibernate.orm.core - HHH000489: No JTA platform available (set 'hibernate.transaction.jta.platform' to enable JTA platform integration)
2026-05-18 17:23:33 [INFO] o.s.o.j.LocalContainerEntityManagerFactoryBean - Initialized JPA EntityManagerFactory for persistence unit 'default'
2026-05-18 17:23:33 [INFO] o.s.d.j.r.q.QueryEnhancerFactories - Hibernate is in classpath; If applicable, HQL parser will be used.
2026-05-18 17:23:33 [WARN] o.s.b.j.a.JpaBaseConfiguration$JpaWebConfiguration - spring.jpa.open-in-view is enabled by default. Therefore, database queries may be performed during view rendering. Explicitly configure spring.jpa.open-in-view to disable this warning
2026-05-18 17:23:33 [WARN] o.s.b.s.a.UserDetailsServiceAutoConfiguration - 

Using generated security password: 2105dc23-d77d-41d6-be0d-e81aedf9f181

This generated password is for development use only. Your security configuration must be updated before running your application in production.

2026-05-18 17:23:33 [INFO] o.s.s.c.a.a.c.InitializeUserDetailsBeanManagerConfigurer$InitializeUserDetailsManagerConfigurer - Global AuthenticationManager configured with UserDetailsService bean with name inMemoryUserDetailsManager
2026-05-18 17:23:33 [INFO] o.s.b.a.e.web.EndpointLinksResolver - Exposing 1 endpoint beneath base path '/actuator'
2026-05-18 17:23:34 [INFO] o.a.coyote.http11.Http11NioProtocol - Starting ProtocolHandler ["http-nio-8080"]
2026-05-18 17:23:34 [INFO] o.s.boot.tomcat.TomcatWebServer - Tomcat started on port 8080 (http) with context path '/'
2026-05-18 17:23:34 [INFO] c.mmotors.mmotors.MmotorsApplication - Started MmotorsApplication in 3.454 seconds (process running for 3.942)
2026-05-18 17:23:34 [INFO] o.a.c.c.C.[Tomcat].[localhost].[/] - Initializing Spring DispatcherServlet 'dispatcherServlet'
2026-05-18 17:23:34 [INFO] o.s.web.servlet.DispatcherServlet - Initializing Servlet 'dispatcherServlet'
2026-05-18 17:23:34 [INFO] o.s.web.servlet.DispatcherServlet - Completed initialization in 4 ms
2026-05-18 17:44:34 [INFO] o.s.boot.tomcat.GracefulShutdown - Commencing graceful shutdown. Waiting for active requests to complete
2026-05-18 17:44:34 [INFO] o.s.boot.tomcat.GracefulShutdown - Graceful shutdown complete
2026-05-18 17:44:34 [INFO] o.s.o.j.LocalContainerEntityManagerFactoryBean - Closing JPA EntityManagerFactory for persistence unit 'default'
2026-05-18 17:44:34 [INFO] com.zaxxer.hikari.HikariDataSource - HikariPool-1 - Shutdown initiated...
2026-05-18 17:44:34 [INFO] com.zaxxer.hikari.HikariDataSource - HikariPool-1 - Shutdown completed.
2026-05-18 17:44:37 [INFO] c.mmotors.mmotors.MmotorsApplication - Starting MmotorsApplication using Java 21.0.10 with PID 3155324 (/home/yann/Documents/JAVA/mmotors/mmotors/target/classes started by yann in /home/yann/Documents/JAVA/mmotors/mmotors)
2026-05-18 17:44:37 [INFO] c.mmotors.mmotors.MmotorsApplication - No active profile set, falling back to 1 default profile: "default"
2026-05-18 17:44:37 [INFO] o.h.validator.internal.util.Version - HV000001: Hibernate Validator 9.0.1.Final
2026-05-18 17:44:38 [INFO] o.s.d.r.c.RepositoryConfigurationDelegate - Bootstrapping Spring Data JPA repositories in DEFAULT mode.
2026-05-18 17:44:38 [INFO] o.s.d.r.c.RepositoryConfigurationDelegate - Finished Spring Data repository scanning in 25 ms. Found 3 JPA repository interfaces.
2026-05-18 17:44:38 [INFO] o.s.boot.tomcat.TomcatWebServer - Tomcat initialized with port 8080 (http)
2026-05-18 17:44:38 [INFO] o.a.coyote.http11.Http11NioProtocol - Initializing ProtocolHandler ["http-nio-8080"]
2026-05-18 17:44:38 [INFO] o.a.catalina.core.StandardService - Starting service [Tomcat]
2026-05-18 17:44:38 [INFO] o.a.catalina.core.StandardEngine - Starting Servlet engine: [Apache Tomcat/11.0.21]
2026-05-18 17:44:38 [INFO] o.s.b.w.c.s.WebApplicationContextInitializer - Root WebApplicationContext: initialization completed in 863 ms
2026-05-18 17:44:38 [INFO] org.hibernate.orm.jpa - HHH008540: Processing PersistenceUnitInfo [name: default]
2026-05-18 17:44:38 [INFO] org.hibernate.orm.core - HHH000001: Hibernate ORM core version 7.2.12.Final
2026-05-18 17:44:38 [INFO] o.s.o.j.p.SpringPersistenceUnitInfo - No LoadTimeWeaver setup: ignoring JPA class transformer
2026-05-18 17:44:38 [INFO] com.zaxxer.hikari.HikariDataSource - HikariPool-1 - Starting...
2026-05-18 17:44:39 [INFO] com.zaxxer.hikari.pool.HikariPool - HikariPool-1 - Added connection org.postgresql.jdbc.PgConnection@21d15932
2026-05-18 17:44:39 [INFO] com.zaxxer.hikari.HikariDataSource - HikariPool-1 - Start completed.
2026-05-18 17:44:39 [INFO] o.hibernate.orm.connections.pooling - HHH10001005: Database info:
	Database JDBC URL [jdbc:postgresql://localhost:5432/mmotors]
	Database driver: PostgreSQL JDBC Driver
	Database dialect: PostgreSQLDialect
	Database version: 16.13
	Default catalog/schema: mmotors/public
	Autocommit mode: undefined/unknown
	Isolation level: READ_COMMITTED [default READ_COMMITTED]
	JDBC fetch size: none
	Pool: DataSourceConnectionProvider
	Minimum pool size: undefined/unknown
	Maximum pool size: undefined/unknown
2026-05-18 17:44:39 [INFO] org.hibernate.orm.core - HHH000489: No JTA platform available (set 'hibernate.transaction.jta.platform' to enable JTA platform integration)
2026-05-18 17:44:39 [INFO] o.s.o.j.LocalContainerEntityManagerFactoryBean - Initialized JPA EntityManagerFactory for persistence unit 'default'
2026-05-18 17:44:39 [INFO] o.s.d.j.r.q.QueryEnhancerFactories - Hibernate is in classpath; If applicable, HQL parser will be used.
2026-05-18 17:44:39 [WARN] o.s.b.j.a.JpaBaseConfiguration$JpaWebConfiguration - spring.jpa.open-in-view is enabled by default. Therefore, database queries may be performed during view rendering. Explicitly configure spring.jpa.open-in-view to disable this warning
2026-05-18 17:44:40 [WARN] o.s.b.s.a.UserDetailsServiceAutoConfiguration - 

Using generated security password: c5e93953-e6e3-4d26-a066-d19fcb10670e

This generated password is for development use only. Your security configuration must be updated before running your application in production.

2026-05-18 17:44:40 [INFO] o.s.s.c.a.a.c.InitializeUserDetailsBeanManagerConfigurer$InitializeUserDetailsManagerConfigurer - Global AuthenticationManager configured with UserDetailsService bean with name inMemoryUserDetailsManager
2026-05-18 17:44:40 [INFO] o.s.b.a.e.web.EndpointLinksResolver - Exposing 1 endpoint beneath base path '/actuator'
2026-05-18 17:44:40 [INFO] o.a.coyote.http11.Http11NioProtocol - Starting ProtocolHandler ["http-nio-8080"]
2026-05-18 17:44:40 [INFO] o.s.boot.tomcat.TomcatWebServer - Tomcat started on port 8080 (http) with context path '/'
2026-05-18 17:44:40 [INFO] c.mmotors.mmotors.MmotorsApplication - Started MmotorsApplication in 3.182 seconds (process running for 3.61)
2026-05-18 17:44:41 [INFO] o.a.c.c.C.[Tomcat].[localhost].[/] - Initializing Spring DispatcherServlet 'dispatcherServlet'
2026-05-18 17:44:41 [INFO] o.s.web.servlet.DispatcherServlet - Initializing Servlet 'dispatcherServlet'
2026-05-18 17:44:41 [INFO] o.s.web.servlet.DispatcherServlet - Completed initialization in 1 ms
