2026-05-24 12:23:49 [INFO] o.s.boot.tomcat.GracefulShutdown - Commencing graceful shutdown. Waiting for active requests to complete
2026-05-24 12:23:49 [INFO] o.s.boot.tomcat.GracefulShutdown - Graceful shutdown complete
2026-05-24 12:23:49 [INFO] o.s.o.j.LocalContainerEntityManagerFactoryBean - Closing JPA EntityManagerFactory for persistence unit 'default'
2026-05-24 12:23:49 [INFO] com.zaxxer.hikari.HikariDataSource - HikariPool-1 - Shutdown initiated...
2026-05-24 12:23:49 [INFO] com.zaxxer.hikari.HikariDataSource - HikariPool-1 - Shutdown completed.
2026-05-24 20:11:36 [INFO] c.mmotors.mmotors.MmotorsApplication - Starting MmotorsApplication using Java 21.0.10 with PID 1296673 (/home/yann/Documents/JAVA/mmotors/mmotors/target/classes started by yann in /home/yann/Documents/JAVA/mmotors/mmotors)
2026-05-24 20:11:36 [INFO] c.mmotors.mmotors.MmotorsApplication - No active profile set, falling back to 1 default profile: "default"
2026-05-24 20:11:36 [INFO] o.h.validator.internal.util.Version - HV000001: Hibernate Validator 9.0.1.Final
2026-05-24 20:11:37 [INFO] o.s.d.r.c.RepositoryConfigurationDelegate - Bootstrapping Spring Data JPA repositories in DEFAULT mode.
2026-05-24 20:11:37 [INFO] o.s.d.r.c.RepositoryConfigurationDelegate - Finished Spring Data repository scanning in 37 ms. Found 3 JPA repository interfaces.
2026-05-24 20:11:37 [INFO] o.s.boot.tomcat.TomcatWebServer - Tomcat initialized with port 8080 (http)
2026-05-24 20:11:37 [INFO] o.a.coyote.http11.Http11NioProtocol - Initializing ProtocolHandler ["http-nio-8080"]
2026-05-24 20:11:37 [INFO] o.a.catalina.core.StandardService - Starting service [Tomcat]
2026-05-24 20:11:37 [INFO] o.a.catalina.core.StandardEngine - Starting Servlet engine: [Apache Tomcat/11.0.21]
2026-05-24 20:11:37 [INFO] o.s.b.w.c.s.WebApplicationContextInitializer - Root WebApplicationContext: initialization completed in 1524 ms
2026-05-24 20:11:38 [INFO] org.hibernate.orm.jpa - HHH008540: Processing PersistenceUnitInfo [name: default]
2026-05-24 20:11:38 [INFO] org.hibernate.orm.core - HHH000001: Hibernate ORM core version 7.2.12.Final
2026-05-24 20:11:38 [INFO] o.s.o.j.p.SpringPersistenceUnitInfo - No LoadTimeWeaver setup: ignoring JPA class transformer
2026-05-24 20:11:38 [INFO] com.zaxxer.hikari.HikariDataSource - HikariPool-1 - Starting...
2026-05-24 20:11:38 [INFO] com.zaxxer.hikari.pool.HikariPool - HikariPool-1 - Added connection org.postgresql.jdbc.PgConnection@3966c679
2026-05-24 20:11:38 [INFO] com.zaxxer.hikari.HikariDataSource - HikariPool-1 - Start completed.
2026-05-24 20:11:39 [INFO] o.hibernate.orm.connections.pooling - HHH10001005: Database info:
	Database JDBC URL [jdbc:postgresql://localhost:5432/mmotors]
	Database driver: PostgreSQL JDBC Driver
	Database dialect: PostgreSQLDialect
	Database version: 16.14
	Default catalog/schema: mmotors/public
	Autocommit mode: undefined/unknown
	Isolation level: READ_COMMITTED [default READ_COMMITTED]
	JDBC fetch size: none
	Pool: DataSourceConnectionProvider
	Minimum pool size: undefined/unknown
	Maximum pool size: undefined/unknown
2026-05-24 20:11:40 [INFO] org.hibernate.orm.core - HHH000489: No JTA platform available (set 'hibernate.transaction.jta.platform' to enable JTA platform integration)
2026-05-24 20:11:40 [INFO] o.s.o.j.LocalContainerEntityManagerFactoryBean - Initialized JPA EntityManagerFactory for persistence unit 'default'
2026-05-24 20:11:40 [INFO] o.s.d.j.r.q.QueryEnhancerFactories - Hibernate is in classpath; If applicable, HQL parser will be used.
2026-05-24 20:11:41 [WARN] o.s.b.j.a.JpaBaseConfiguration$JpaWebConfiguration - spring.jpa.open-in-view is enabled by default. Therefore, database queries may be performed during view rendering. Explicitly configure spring.jpa.open-in-view to disable this warning
2026-05-24 20:11:41 [WARN] o.s.b.s.a.UserDetailsServiceAutoConfiguration - 

Using generated security password: ff46feb1-5a38-4ff0-94c6-f2cf9f87f0a3

This generated password is for development use only. Your security configuration must be updated before running your application in production.

2026-05-24 20:11:41 [INFO] o.s.s.c.a.a.c.InitializeUserDetailsBeanManagerConfigurer$InitializeUserDetailsManagerConfigurer - Global AuthenticationManager configured with UserDetailsService bean with name inMemoryUserDetailsManager
2026-05-24 20:11:42 [INFO] o.s.b.a.e.web.EndpointLinksResolver - Exposing 1 endpoint beneath base path '/actuator'
2026-05-24 20:11:42 [INFO] o.a.coyote.http11.Http11NioProtocol - Starting ProtocolHandler ["http-nio-8080"]
2026-05-24 20:11:42 [INFO] o.s.boot.tomcat.TomcatWebServer - Tomcat started on port 8080 (http) with context path '/'
2026-05-24 20:11:42 [INFO] c.mmotors.mmotors.MmotorsApplication - Started MmotorsApplication in 6.527 seconds (process running for 7.268)
2026-05-24 20:11:42 [INFO] o.a.c.c.C.[Tomcat].[localhost].[/] - Initializing Spring DispatcherServlet 'dispatcherServlet'
2026-05-24 20:11:42 [INFO] o.s.web.servlet.DispatcherServlet - Initializing Servlet 'dispatcherServlet'
2026-05-24 20:11:42 [INFO] o.s.web.servlet.DispatcherServlet - Completed initialization in 2 ms
2026-05-24 21:22:14 [INFO] o.s.boot.tomcat.GracefulShutdown - Commencing graceful shutdown. Waiting for active requests to complete
2026-05-24 21:22:14 [INFO] o.s.boot.tomcat.GracefulShutdown - Graceful shutdown complete
2026-05-24 21:22:14 [INFO] o.s.o.j.LocalContainerEntityManagerFactoryBean - Closing JPA EntityManagerFactory for persistence unit 'default'
2026-05-24 21:22:14 [INFO] com.zaxxer.hikari.HikariDataSource - HikariPool-1 - Shutdown initiated...
2026-05-24 21:22:14 [INFO] com.zaxxer.hikari.HikariDataSource - HikariPool-1 - Shutdown completed.
2026-05-24 21:22:19 [INFO] c.mmotors.mmotors.MmotorsApplication - Starting MmotorsApplication using Java 21.0.10 with PID 1315749 (/home/yann/Documents/JAVA/mmotors/mmotors/target/classes started by yann in /home/yann/Documents/JAVA/mmotors/mmotors)
2026-05-24 21:22:19 [INFO] c.mmotors.mmotors.MmotorsApplication - No active profile set, falling back to 1 default profile: "default"
2026-05-24 21:22:19 [INFO] o.h.validator.internal.util.Version - HV000001: Hibernate Validator 9.0.1.Final
2026-05-24 21:22:20 [INFO] o.s.d.r.c.RepositoryConfigurationDelegate - Bootstrapping Spring Data JPA repositories in DEFAULT mode.
2026-05-24 21:22:20 [INFO] o.s.d.r.c.RepositoryConfigurationDelegate - Finished Spring Data repository scanning in 32 ms. Found 3 JPA repository interfaces.
2026-05-24 21:22:21 [INFO] o.s.boot.tomcat.TomcatWebServer - Tomcat initialized with port 8080 (http)
2026-05-24 21:22:21 [INFO] o.a.coyote.http11.Http11NioProtocol - Initializing ProtocolHandler ["http-nio-8080"]
2026-05-24 21:22:21 [INFO] o.a.catalina.core.StandardService - Starting service [Tomcat]
2026-05-24 21:22:21 [INFO] o.a.catalina.core.StandardEngine - Starting Servlet engine: [Apache Tomcat/11.0.21]
2026-05-24 21:22:21 [INFO] o.s.b.w.c.s.WebApplicationContextInitializer - Root WebApplicationContext: initialization completed in 1340 ms
2026-05-24 21:22:21 [INFO] org.hibernate.orm.jpa - HHH008540: Processing PersistenceUnitInfo [name: default]
2026-05-24 21:22:21 [INFO] org.hibernate.orm.core - HHH000001: Hibernate ORM core version 7.2.12.Final
2026-05-24 21:22:21 [INFO] o.s.o.j.p.SpringPersistenceUnitInfo - No LoadTimeWeaver setup: ignoring JPA class transformer
2026-05-24 21:22:21 [INFO] com.zaxxer.hikari.HikariDataSource - HikariPool-1 - Starting...
2026-05-24 21:22:21 [INFO] com.zaxxer.hikari.pool.HikariPool - HikariPool-1 - Added connection org.postgresql.jdbc.PgConnection@7ae6927
2026-05-24 21:22:21 [INFO] com.zaxxer.hikari.HikariDataSource - HikariPool-1 - Start completed.
2026-05-24 21:22:22 [INFO] o.hibernate.orm.connections.pooling - HHH10001005: Database info:
	Database JDBC URL [jdbc:postgresql://localhost:5432/mmotors]
	Database driver: PostgreSQL JDBC Driver
	Database dialect: PostgreSQLDialect
	Database version: 16.14
	Default catalog/schema: mmotors/public
	Autocommit mode: undefined/unknown
	Isolation level: READ_COMMITTED [default READ_COMMITTED]
	JDBC fetch size: none
	Pool: DataSourceConnectionProvider
	Minimum pool size: undefined/unknown
	Maximum pool size: undefined/unknown
2026-05-24 21:22:22 [INFO] org.hibernate.orm.core - HHH000489: No JTA platform available (set 'hibernate.transaction.jta.platform' to enable JTA platform integration)
2026-05-24 21:22:22 [INFO] o.s.o.j.LocalContainerEntityManagerFactoryBean - Initialized JPA EntityManagerFactory for persistence unit 'default'
2026-05-24 21:22:23 [INFO] o.s.d.j.r.q.QueryEnhancerFactories - Hibernate is in classpath; If applicable, HQL parser will be used.
2026-05-24 21:22:23 [WARN] o.s.b.j.a.JpaBaseConfiguration$JpaWebConfiguration - spring.jpa.open-in-view is enabled by default. Therefore, database queries may be performed during view rendering. Explicitly configure spring.jpa.open-in-view to disable this warning
2026-05-24 21:22:23 [WARN] o.s.b.s.a.UserDetailsServiceAutoConfiguration - 

Using generated security password: 35487534-b7a4-4aac-8663-9a403f80f071

This generated password is for development use only. Your security configuration must be updated before running your application in production.

2026-05-24 21:22:23 [INFO] o.s.s.c.a.a.c.InitializeUserDetailsBeanManagerConfigurer$InitializeUserDetailsManagerConfigurer - Global AuthenticationManager configured with UserDetailsService bean with name inMemoryUserDetailsManager
2026-05-24 21:22:24 [INFO] o.s.b.a.e.web.EndpointLinksResolver - Exposing 1 endpoint beneath base path '/actuator'
2026-05-24 21:22:24 [INFO] o.a.coyote.http11.Http11NioProtocol - Starting ProtocolHandler ["http-nio-8080"]
2026-05-24 21:22:24 [INFO] o.s.boot.tomcat.TomcatWebServer - Tomcat started on port 8080 (http) with context path '/'
2026-05-24 21:22:24 [INFO] c.mmotors.mmotors.MmotorsApplication - Started MmotorsApplication in 5.366 seconds (process running for 6.014)
2026-05-24 21:22:25 [INFO] o.a.c.c.C.[Tomcat].[localhost].[/] - Initializing Spring DispatcherServlet 'dispatcherServlet'
2026-05-24 21:22:25 [INFO] o.s.web.servlet.DispatcherServlet - Initializing Servlet 'dispatcherServlet'
2026-05-24 21:22:25 [INFO] o.s.web.servlet.DispatcherServlet - Completed initialization in 3 ms
2026-05-24 21:54:34 [INFO] o.s.boot.tomcat.GracefulShutdown - Commencing graceful shutdown. Waiting for active requests to complete
2026-05-24 21:54:34 [INFO] o.s.boot.tomcat.GracefulShutdown - Graceful shutdown complete
2026-05-24 21:54:34 [INFO] o.s.o.j.LocalContainerEntityManagerFactoryBean - Closing JPA EntityManagerFactory for persistence unit 'default'
2026-05-24 21:54:34 [INFO] com.zaxxer.hikari.HikariDataSource - HikariPool-1 - Shutdown initiated...
2026-05-24 21:54:34 [INFO] com.zaxxer.hikari.HikariDataSource - HikariPool-1 - Shutdown completed.
2026-05-24 21:54:37 [INFO] c.mmotors.mmotors.MmotorsApplication - Starting MmotorsApplication using Java 21.0.10 with PID 1328219 (/home/yann/Documents/JAVA/mmotors/mmotors/target/classes started by yann in /home/yann/Documents/JAVA/mmotors/mmotors)
2026-05-24 21:54:37 [INFO] c.mmotors.mmotors.MmotorsApplication - No active profile set, falling back to 1 default profile: "default"
2026-05-24 21:54:37 [INFO] o.h.validator.internal.util.Version - HV000001: Hibernate Validator 9.0.1.Final
2026-05-24 21:54:38 [INFO] o.s.d.r.c.RepositoryConfigurationDelegate - Bootstrapping Spring Data JPA repositories in DEFAULT mode.
2026-05-24 21:54:38 [INFO] o.s.d.r.c.RepositoryConfigurationDelegate - Finished Spring Data repository scanning in 39 ms. Found 3 JPA repository interfaces.
2026-05-24 21:54:39 [INFO] o.s.boot.tomcat.TomcatWebServer - Tomcat initialized with port 8080 (http)
2026-05-24 21:54:39 [INFO] o.a.coyote.http11.Http11NioProtocol - Initializing ProtocolHandler ["http-nio-8080"]
2026-05-24 21:54:39 [INFO] o.a.catalina.core.StandardService - Starting service [Tomcat]
2026-05-24 21:54:39 [INFO] o.a.catalina.core.StandardEngine - Starting Servlet engine: [Apache Tomcat/11.0.21]
2026-05-24 21:54:39 [INFO] o.s.b.w.c.s.WebApplicationContextInitializer - Root WebApplicationContext: initialization completed in 1523 ms
2026-05-24 21:54:39 [INFO] org.hibernate.orm.jpa - HHH008540: Processing PersistenceUnitInfo [name: default]
2026-05-24 21:54:39 [INFO] org.hibernate.orm.core - HHH000001: Hibernate ORM core version 7.2.12.Final
2026-05-24 21:54:39 [INFO] o.s.o.j.p.SpringPersistenceUnitInfo - No LoadTimeWeaver setup: ignoring JPA class transformer
2026-05-24 21:54:39 [INFO] com.zaxxer.hikari.HikariDataSource - HikariPool-1 - Starting...
2026-05-24 21:54:40 [INFO] com.zaxxer.hikari.pool.HikariPool - HikariPool-1 - Added connection org.postgresql.jdbc.PgConnection@22105c76
2026-05-24 21:54:40 [INFO] com.zaxxer.hikari.HikariDataSource - HikariPool-1 - Start completed.
2026-05-24 21:54:40 [INFO] o.hibernate.orm.connections.pooling - HHH10001005: Database info:
	Database JDBC URL [jdbc:postgresql://localhost:5432/mmotors]
	Database driver: PostgreSQL JDBC Driver
	Database dialect: PostgreSQLDialect
	Database version: 16.14
	Default catalog/schema: mmotors/public
	Autocommit mode: undefined/unknown
	Isolation level: READ_COMMITTED [default READ_COMMITTED]
	JDBC fetch size: none
	Pool: DataSourceConnectionProvider
	Minimum pool size: undefined/unknown
	Maximum pool size: undefined/unknown
2026-05-24 21:54:41 [INFO] org.hibernate.orm.core - HHH000489: No JTA platform available (set 'hibernate.transaction.jta.platform' to enable JTA platform integration)
2026-05-24 21:54:41 [INFO] o.s.o.j.LocalContainerEntityManagerFactoryBean - Initialized JPA EntityManagerFactory for persistence unit 'default'
2026-05-24 21:54:41 [INFO] o.s.d.j.r.q.QueryEnhancerFactories - Hibernate is in classpath; If applicable, HQL parser will be used.
2026-05-24 21:54:42 [WARN] o.s.b.j.a.JpaBaseConfiguration$JpaWebConfiguration - spring.jpa.open-in-view is enabled by default. Therefore, database queries may be performed during view rendering. Explicitly configure spring.jpa.open-in-view to disable this warning
2026-05-24 21:54:42 [WARN] o.s.b.s.a.UserDetailsServiceAutoConfiguration - 

Using generated security password: 01e9a242-adc6-4959-b5d1-ab6da2761495

This generated password is for development use only. Your security configuration must be updated before running your application in production.

2026-05-24 21:54:42 [INFO] o.s.s.c.a.a.c.InitializeUserDetailsBeanManagerConfigurer$InitializeUserDetailsManagerConfigurer - Global AuthenticationManager configured with UserDetailsService bean with name inMemoryUserDetailsManager
2026-05-24 21:54:42 [INFO] o.s.b.a.e.web.EndpointLinksResolver - Exposing 1 endpoint beneath base path '/actuator'
2026-05-24 21:54:42 [INFO] o.a.coyote.http11.Http11NioProtocol - Starting ProtocolHandler ["http-nio-8080"]
2026-05-24 21:54:42 [INFO] o.s.boot.tomcat.TomcatWebServer - Tomcat started on port 8080 (http) with context path '/'
2026-05-24 21:54:42 [INFO] c.mmotors.mmotors.MmotorsApplication - Started MmotorsApplication in 6.227 seconds (process running for 7.079)
2026-05-24 21:54:43 [INFO] o.a.c.c.C.[Tomcat].[localhost].[/] - Initializing Spring DispatcherServlet 'dispatcherServlet'
2026-05-24 21:54:43 [INFO] o.s.web.servlet.DispatcherServlet - Initializing Servlet 'dispatcherServlet'
2026-05-24 21:54:43 [INFO] o.s.web.servlet.DispatcherServlet - Completed initialization in 2 ms
